BERNESE V.5.4 STA FILE FOR NMA PROCESSING                        07-Feb-24 21:25
--------------------------------------------------------------------------------

FORMAT VERSION: 1.01
TECHNIQUE:      GNSS

TYPE 001: RENAMING OF STATIONS
------------------------------

STATION NAME          FLG          FROM                   TO         OLD STATION NAME      REMARK
****************      ***  YYYY MM DD HH MM SS  YYYY MM DD HH MM SS  ********************  ************************
AASC M                001  2021 09 12 00 00 00  2021 09 12 23 59 30  AASC                  From sinex_site file
ADAC M                001  2021 09 12 00 00 00  2021 09 12 23 59 30  ADAC                  From sinex_site file
AKRC M                001  2021 09 12 00 00 00  2021 09 12 23 59 30  AKRC                  From sinex_site file


TYPE 002: STATION INFORMATION
-----------------------------

STATION NAME          FLG          FROM                   TO         RECEIVER TYPE         RECEIVER SERIAL NBR   REC #   ANTENNA TYPE          ANTENNA SERIAL NBR    ANT #    NORTH      EAST      UP      DESCRIPTION             REMARK
****************      ***  YYYY MM DD HH MM SS  YYYY MM DD HH MM SS  ********************  ********************  ******  ********************  ********************  ******  ***.****  ***.****  ***.****  **********************  ************************
AASC M                001  2021 09 12 00 00 00  2021 09 12 23 59 30  TRIMBLE NETR9                        -----          TRM57971.00     TZGD                999999  999999    0.0000    0.0000    0.0000  NMBU Ås                 -----------
ADAC M                001  2021 09 12 00 00 00  2021 09 12 23 59 30  TRIMBLE NETR9                        -----          TRM57971.00     TZGD                999999  999999    0.0000    0.0000    0.0000  Adamselv                -----------
AKRC M                001  2021 09 12 00 00 00  2021 09 12 23 59 30  TRIMBLE NETR9                        -----          TPSCR3_GGD      CONE                999999  999999    0.0000    0.0000    0.0000  Åkrehamn                -----------


TYPE 003: HANDLING OF STATION PROBLEMS
--------------------------------------

STATION NAME          FLG          FROM                   TO         REMARK
****************      ***  YYYY MM DD HH MM SS  YYYY MM DD HH MM SS  ************************


TYPE 004: STATION COORDINATES AND VELOCITIES (ADDNEQ)
-----------------------------------------------------

                                        RELATIVE CONSTR. POSITION     RELATIVE CONSTR. VELOCITY
STATION NAME 1        STATION NAME 2        NORTH     EAST      UP        NORTH     EAST      UP
****************      ****************      **.*****  **.*****  **.*****  **.*****  **.*****  **.*****

TYPE 005: HANDLING STATION TYPES
--------------------------------

STATION NAME          FLG  FROM                 TO                   MARKER TYPE           REMARK
****************      ***  YYYY MM DD HH MM SS  YYYY MM DD HH MM SS  ********************  ************************




TYPE/FLAG  DESCRIPTION
----------------------

001 001: RENAME STATION IN ALL PROGRAMS. NEW NAME IS USED FOR ALL FLAGS BELOW
001 002: RENAME STATION RXOBV3. WILDCARDS ALLOWED. NEW NAME IS USED FOR ALL FLAGS BELOW
001 003: RENAME STATION IN ADDNEQ. NEW NAME IS USED FOR ALL FLAGS BELOW

002 001: STATION INFORMATION RECORD

003 001: EXCLUDE STATION IN ALL PROGRAMS
003 003: EXCLUDE STATION IN ADDNEQ (PREELIMINATION)
003 011: STATION NOT BE USED FOR FIXING OR CONSTRAINING
